This is pdfTeX, Version 3.14159265-2.6-1.40.17 (MiKTeX 2.9) (preloaded format=pdflatex 2016.10.6)  8 NOV 2016 11:41
entering extended mode
**./cs.tex
(cs.tex
LaTeX2e <2016/03/31> patch level 3
Babel <3.9r> and hyphenation patterns for 75 language(s) loaded.
("C:\Program Files (x86)\MiKTeX 2.9\tex\latex\base\article.cls"
Document Class: article 2014/09/29 v1.4h Standard LaTeX document class
("C:\Program Files (x86)\MiKTeX 2.9\tex\latex\base\size10.clo"
File: size10.clo 2014/09/29 v1.4h Standard LaTeX file (size option)
)
\c@part=\count79
\c@section=\count80
\c@subsection=\count81
\c@subsubsection=\count82
\c@paragraph=\count83
\c@subparagraph=\count84
\c@figure=\count85
\c@table=\count86
\abovecaptionskip=\skip41
\belowcaptionskip=\skip42
\bibindent=\dimen102
)
("C:\Program Files (x86)\MiKTeX 2.9\tex\latex\amsfonts\amssymb.sty"
Package: amssymb 2013/01/14 v3.01 AMS font symbols

("C:\Program Files (x86)\MiKTeX 2.9\tex\latex\amsfonts\amsfonts.sty"
Package: amsfonts 2013/01/14 v3.01 Basic AMSFonts support
\@emptytoks=\toks14
\symAMSa=\mathgroup4
\symAMSb=\mathgroup5
LaTeX Font Info:    Overwriting math alphabet `\mathfrak' in version `bold'
(Font)                  U/euf/m/n --> U/euf/b/n on input line 106.
))
("C:\Program Files (x86)\MiKTeX 2.9\tex\latex\amsmath\amsmath.sty"
Package: amsmath 2016/06/28 v2.15d AMS math features
\@mathmargin=\skip43

For additional information on amsmath, use the `?' option.
("C:\Program Files (x86)\MiKTeX 2.9\tex\latex\amsmath\amstext.sty"
Package: amstext 2000/06/29 v2.01 AMS text

("C:\Program Files (x86)\MiKTeX 2.9\tex\latex\amsmath\amsgen.sty"
File: amsgen.sty 1999/11/30 v2.0 generic functions
\@emptytoks=\toks15
\ex@=\dimen103
))
("C:\Program Files (x86)\MiKTeX 2.9\tex\latex\amsmath\amsbsy.sty"
Package: amsbsy 1999/11/29 v1.2d Bold Symbols
\pmbraise@=\dimen104
)
("C:\Program Files (x86)\MiKTeX 2.9\tex\latex\amsmath\amsopn.sty"
Package: amsopn 2016/03/08 v2.02 operator names
)
\inf@bad=\count87
LaTeX Info: Redefining \frac on input line 199.
\uproot@=\count88
\leftroot@=\count89
LaTeX Info: Redefining \overline on input line 297.
\classnum@=\count90
\DOTSCASE@=\count91
LaTeX Info: Redefining \ldots on input line 394.
LaTeX Info: Redefining \dots on input line 397.
LaTeX Info: Redefining \cdots on input line 518.
\Mathstrutbox@=\box26
\strutbox@=\box27
\big@size=\dimen105
LaTeX Font Info:    Redeclaring font encoding OML on input line 634.
LaTeX Font Info:    Redeclaring font encoding OMS on input line 635.
\macc@depth=\count92
\c@MaxMatrixCols=\count93
\dotsspace@=\muskip10
\c@parentequation=\count94
\dspbrk@lvl=\count95
\tag@help=\toks16
\row@=\count96
\column@=\count97
\maxfields@=\count98
\andhelp@=\toks17
\eqnshift@=\dimen106
\alignsep@=\dimen107
\tagshift@=\dimen108
\tagwidth@=\dimen109
\totwidth@=\dimen110
\lineht@=\dimen111
\@envbody=\toks18
\multlinegap=\skip44
\multlinetaggap=\skip45
\mathdisplay@stack=\toks19
LaTeX Info: Redefining \[ on input line 2739.
LaTeX Info: Redefining \] on input line 2740.
)
("C:\Program Files (x86)\MiKTeX 2.9\tex\latex\graphics\graphicx.sty"
Package: graphicx 2014/10/28 v1.0g Enhanced LaTeX Graphics (DPC,SPQR)

("C:\Program Files (x86)\MiKTeX 2.9\tex\latex\graphics\keyval.sty"
Package: keyval 2014/10/28 v1.15 key=value parser (DPC)
\KV@toks@=\toks20
)
("C:\Program Files (x86)\MiKTeX 2.9\tex\latex\graphics\graphics.sty"
Package: graphics 2016/07/10 v1.0t Standard LaTeX Graphics (DPC,SPQR)

("C:\Program Files (x86)\MiKTeX 2.9\tex\latex\graphics\trig.sty"
Package: trig 2016/01/03 v1.10 sin cos tan (DPC)
)
("C:\Program Files (x86)\MiKTeX 2.9\tex\latex\00miktex\graphics.cfg"
File: graphics.cfg 2016/06/04 v1.11 sample graphics configuration
)
Package graphics Info: Driver file: pdftex.def on input line 99.

("C:\Program Files (x86)\MiKTeX 2.9\tex\latex\graphics-def\pdftex.def"
File: pdftex.def 2016/07/10 v0.06j Graphics/color for pdfTeX

("C:\Program Files (x86)\MiKTeX 2.9\tex\generic\oberdiek\infwarerr.sty"
Package: infwarerr 2016/05/16 v1.4 Providing info/warning/error messages (HO)
)
("C:\Program Files (x86)\MiKTeX 2.9\tex\generic\oberdiek\ltxcmds.sty"
Package: ltxcmds 2016/05/16 v1.23 LaTeX kernel commands for general use (HO)
)
\Gread@gobject=\count99
))
\Gin@req@height=\dimen112
\Gin@req@width=\dimen113
)
("C:\Program Files (x86)\MiKTeX 2.9\tex\latex\subfig\subfig.sty"
Package: subfig 2005/06/28 ver: 1.3 subfig package

("C:\Program Files (x86)\MiKTeX 2.9\tex\latex\caption\caption.sty"
Package: caption 2016/02/21 v3.3-144 Customizing captions (AR)

("C:\Program Files (x86)\MiKTeX 2.9\tex\latex\caption\caption3.sty"
Package: caption3 2016/05/22 v1.7-166 caption3 kernel (AR)
Package caption3 Info: TeX engine: e-TeX on input line 67.
\captionmargin=\dimen114
\captionmargin@=\dimen115
\captionwidth=\dimen116
\caption@tempdima=\dimen117
\caption@indent=\dimen118
\caption@parindent=\dimen119
\caption@hangindent=\dimen120
)
\c@ContinuedFloat=\count100
)
\c@KVtest=\count101
\sf@farskip=\skip46
\sf@captopadj=\dimen121
\sf@capskip=\skip47
\sf@nearskip=\skip48
\c@subfigure=\count102
\c@subfigure@save=\count103
\c@lofdepth=\count104
\c@subtable=\count105
\c@subtable@save=\count106
\c@lotdepth=\count107
\sf@top=\skip49
\sf@bottom=\skip50
)
("C:\Program Files (x86)\MiKTeX 2.9\tex\latex\amscls\amsthm.sty"
Package: amsthm 2015/03/04 v2.20.2
\thm@style=\toks21
\thm@bodyfont=\toks22
\thm@headfont=\toks23
\thm@notefont=\toks24
\thm@headpunct=\toks25
\thm@preskip=\skip51
\thm@postskip=\skip52
\thm@headsep=\skip53
\dth@everypar=\toks26
)
("C:\Program Files (x86)\MiKTeX 2.9\tex\latex\mathtools\mathtools.sty"
Package: mathtools 2015/11/12 v1.18 mathematical typesetting tools

("C:\Program Files (x86)\MiKTeX 2.9\tex\latex\tools\calc.sty"
Package: calc 2014/10/28 v4.3 Infix arithmetic (KKT,FJ)
\calc@Acount=\count108
\calc@Bcount=\count109
\calc@Adimen=\dimen122
\calc@Bdimen=\dimen123
\calc@Askip=\skip54
\calc@Bskip=\skip55
LaTeX Info: Redefining \setlength on input line 80.
LaTeX Info: Redefining \addtolength on input line 81.
\calc@Ccount=\count110
\calc@Cskip=\skip56
)
("C:\Program Files (x86)\MiKTeX 2.9\tex\latex\mathtools\mhsetup.sty"
Package: mhsetup 2010/01/21 v1.2a programming setup (MH)
)
LaTeX Info: Thecontrolsequence`\('isalreadyrobust on input line 129.
LaTeX Info: Thecontrolsequence`\)'isalreadyrobust on input line 129.
LaTeX Info: Thecontrolsequence`\['isalreadyrobust on input line 129.
LaTeX Info: Thecontrolsequence`\]'isalreadyrobust on input line 129.
\g_MT_multlinerow_int=\count111
\l_MT_multwidth_dim=\dimen124
\origjot=\skip57
\l_MT_shortvdotswithinadjustabove_dim=\dimen125
\l_MT_shortvdotswithinadjustbelow_dim=\dimen126
\l_MT_above_intertext_sep=\dimen127
\l_MT_below_intertext_sep=\dimen128
\l_MT_above_shortintertext_sep=\dimen129
\l_MT_below_shortintertext_sep=\dimen130
)
\c@theo=\count112
\c@dfn=\count113


LaTeX Warning: Unused global option(s):
    [english].

(cs.aux

LaTeX Warning: Label `drct' multiply defined.

)
\openout1 = `cs.aux'.

LaTeX Font Info:    Checking defaults for OML/cmm/m/it on input line 46.
LaTeX Font Info:    ... okay on input line 46.
LaTeX Font Info:    Checking defaults for T1/cmr/m/n on input line 46.
LaTeX Font Info:    ... okay on input line 46.
LaTeX Font Info:    Checking defaults for OT1/cmr/m/n on input line 46.
LaTeX Font Info:    ... okay on input line 46.
LaTeX Font Info:    Checking defaults for OMS/cmsy/m/n on input line 46.
LaTeX Font Info:    ... okay on input line 46.
LaTeX Font Info:    Checking defaults for OMX/cmex/m/n on input line 46.
LaTeX Font Info:    ... okay on input line 46.
LaTeX Font Info:    Checking defaults for U/cmr/m/n on input line 46.
LaTeX Font Info:    ... okay on input line 46.
 ("C:\Program Files (x86)\MiKTeX 2.9\tex\context\base\supp-pdf.mkii"
[Loading MPS to PDF converter (version 2006.09.02).]
\scratchcounter=\count114
\scratchdimen=\dimen131
\scratchbox=\box28
\nofMPsegments=\count115
\nofMParguments=\count116
\everyMPshowfont=\toks27
\MPscratchCnt=\count117
\MPscratchDim=\dimen132
\MPnumerator=\count118
\makeMPintoPDFobject=\count119
\everyMPtoPDFconversion=\toks28
) ("C:\Program Files (x86)\MiKTeX 2.9\tex\generic\oberdiek\pdftexcmds.sty"
Package: pdftexcmds 2016/05/21 v0.22 Utility functions of pdfTeX for LuaTeX (HO
)

("C:\Program Files (x86)\MiKTeX 2.9\tex\generic\oberdiek\ifluatex.sty"
Package: ifluatex 2016/05/16 v1.4 Provides the ifluatex switch (HO)
Package ifluatex Info: LuaTeX not detected.
)
("C:\Program Files (x86)\MiKTeX 2.9\tex\generic\oberdiek\ifpdf.sty"
Package: ifpdf 2016/05/14 v3.1 Provides the ifpdf switch
)
Package pdftexcmds Info: LuaTeX not detected.
Package pdftexcmds Info: \pdf@primitive is available.
Package pdftexcmds Info: \pdf@ifprimitive is available.
Package pdftexcmds Info: \pdfdraftmode found.
)
("C:\Program Files (x86)\MiKTeX 2.9\tex\latex\oberdiek\epstopdf-base.sty"
Package: epstopdf-base 2016/05/15 v2.6 Base part for package epstopdf

("C:\Program Files (x86)\MiKTeX 2.9\tex\latex\oberdiek\grfext.sty"
Package: grfext 2016/05/16 v1.2 Manage graphics extensions (HO)

("C:\Program Files (x86)\MiKTeX 2.9\tex\generic\oberdiek\kvdefinekeys.sty"
Package: kvdefinekeys 2016/05/16 v1.4 Define keys (HO)
))
("C:\Program Files (x86)\MiKTeX 2.9\tex\latex\oberdiek\kvoptions.sty"
Package: kvoptions 2016/05/16 v3.12 Key value format for package options (HO)

("C:\Program Files (x86)\MiKTeX 2.9\tex\generic\oberdiek\kvsetkeys.sty"
Package: kvsetkeys 2016/05/16 v1.17 Key value parser (HO)

("C:\Program Files (x86)\MiKTeX 2.9\tex\generic\oberdiek\etexcmds.sty"
Package: etexcmds 2016/05/16 v1.6 Avoid name clashes with e-TeX commands (HO)
Package etexcmds Info: Could not find \expanded.
(etexcmds)             That can mean that you are not using pdfTeX 1.50 or
(etexcmds)             that some package has redefined \expanded.
(etexcmds)             In the latter case, load this package earlier.
)))
Package epstopdf-base Info: Redefining graphics rule for `.eps' on input line 4
38.
Package grfext Info: Graphics extension search list:
(grfext)             [.png,.pdf,.jpg,.mps,.jpeg,.jbig2,.jb2,.PNG,.PDF,.JPG,.JPE
G,.JBIG2,.JB2,.eps]
(grfext)             \AppendGraphicsExtensions on input line 456.
)
Package caption Info: Begin \AtBeginDocument code.
Package caption Info: subfig package v1.3 is loaded.
Package caption Info: End \AtBeginDocument code.
LaTeX Font Info:    Try loading font information for U+msa on input line 51.

("C:\Program Files (x86)\MiKTeX 2.9\tex\latex\amsfonts\umsa.fd"
File: umsa.fd 2013/01/14 v3.01 AMS symbols A
)
LaTeX Font Info:    Try loading font information for U+msb on input line 51.

("C:\Program Files (x86)\MiKTeX 2.9\tex\latex\amsfonts\umsb.fd"
File: umsb.fd 2013/01/14 v3.01 AMS symbols B
) [1

{C:/ProgramData/MiKTeX/2.9/pdftex/config/pdftex.map}]
Package epstopdf Info: Source file: <figures/potentialwplot.eps>
(epstopdf)                    date: 2016-11-08 10:46:11
(epstopdf)                    size: 17076 bytes
(epstopdf)             Output file: <figures/potentialwplot-eps-converted-to.pd
f>
(epstopdf)                    date: 2016-11-08 10:46:11
(epstopdf)                    size: 6107 bytes
(epstopdf)             Command: <epstopdf --outfile=figures/potentialwplot-eps-
converted-to.pdf figures/potentialwplot.eps>
(epstopdf)             \includegraphics on input line 174.
Package epstopdf Info: Output file is already uptodate.

<figures/potentialwplot-eps-converted-to.pdf, id=19, 421.575pt x 316.18124pt>
File: figures/potentialwplot-eps-converted-to.pdf Graphic file (type pdf)

<use figures/potentialwplot-eps-converted-to.pdf>
Package pdftex.def Info: figures/potentialwplot-eps-converted-to.pdf used on in
put line 174.
(pdftex.def)             Requested size: 210.78697pt x 158.09023pt.
 [2] [3 <./figures/potentialwplot-eps-converted-to.pdf>] [4] [5]

LaTeX Warning: Reference `fev' on page 6 undefined on input line 455.

Package epstopdf Info: Source file: <figures/a5_D_fev.eps>
(epstopdf)                    date: 2016-11-08 11:37:36
(epstopdf)                    size: 31690 bytes
(epstopdf)             Output file: <figures/a5_D_fev-eps-converted-to.pdf>
(epstopdf)                    date: 2016-11-08 11:39:09
(epstopdf)                    size: 8016 bytes
(epstopdf)             Command: <epstopdf --outfile=figures/a5_D_fev-eps-conver
ted-to.pdf figures/a5_D_fev.eps>
(epstopdf)             \includegraphics on input line 460.
Package epstopdf Info: Output file is already uptodate.
<figures/a5_D_fev-eps-converted-to.pdf, id=39, 421.575pt x 316.18124pt>
File: figures/a5_D_fev-eps-converted-to.pdf Graphic file (type pdf)

<use figures/a5_D_fev-eps-converted-to.pdf>
Package pdftex.def Info: figures/a5_D_fev-eps-converted-to.pdf used on input li
ne 460.
(pdftex.def)             Requested size: 210.78697pt x 158.09023pt.
Package epstopdf Info: Source file: <figures/a5_D_ev.eps>
(epstopdf)                    date: 2016-11-08 11:21:00
(epstopdf)                    size: 54832 bytes
(epstopdf)             Output file: <figures/a5_D_ev-eps-converted-to.pdf>
(epstopdf)                    date: 2016-11-08 11:22:22
(epstopdf)                    size: 15707 bytes
(epstopdf)             Command: <epstopdf --outfile=figures/a5_D_ev-eps-convert
ed-to.pdf figures/a5_D_ev.eps>
(epstopdf)             \includegraphics on input line 468.
Package epstopdf Info: Output file is already uptodate.

<figures/a5_D_ev-eps-converted-to.pdf, id=40, 421.575pt x 316.18124pt>
File: figures/a5_D_ev-eps-converted-to.pdf Graphic file (type pdf)

<use figures/a5_D_ev-eps-converted-to.pdf>
Package pdftex.def Info: figures/a5_D_ev-eps-converted-to.pdf used on input lin
e 468.
(pdftex.def)             Requested size: 241.84842pt x 181.38788pt.
Package epstopdf Info: Source file: <figures/a5_D_g.eps>
(epstopdf)                    date: 2016-11-08 11:20:32
(epstopdf)                    size: 30876 bytes
(epstopdf)             Output file: <figures/a5_D_g-eps-converted-to.pdf>
(epstopdf)                    date: 2016-11-08 11:22:23
(epstopdf)                    size: 4403 bytes
(epstopdf)             Command: <epstopdf --outfile=figures/a5_D_g-eps-converte
d-to.pdf figures/a5_D_g.eps>
(epstopdf)             \includegraphics on input line 474.
Package epstopdf Info: Output file is already uptodate.

<figures/a5_D_g-eps-converted-to.pdf, id=41, 421.575pt x 316.18124pt>
File: figures/a5_D_g-eps-converted-to.pdf Graphic file (type pdf)

<use figures/a5_D_g-eps-converted-to.pdf>
Package pdftex.def Info: figures/a5_D_g-eps-converted-to.pdf used on input line
 474.
(pdftex.def)             Requested size: 241.84842pt x 181.38788pt.

Overfull \hbox (2.22221pt too wide) in paragraph at lines 467--478
[][]  [] 
 []

Package epstopdf Info: Source file: <figures/a5_D_cg0.eps>
(epstopdf)                    date: 2016-11-08 10:46:11
(epstopdf)                    size: 15009 bytes
(epstopdf)             Output file: <figures/a5_D_cg0-eps-converted-to.pdf>
(epstopdf)                    date: 2016-11-08 10:46:11
(epstopdf)                    size: 15451 bytes
(epstopdf)             Command: <epstopdf --outfile=figures/a5_D_cg0-eps-conver
ted-to.pdf figures/a5_D_cg0.eps>
(epstopdf)             \includegraphics on input line 482.
Package epstopdf Info: Output file is already uptodate.
<figures/a5_D_cg0-eps-converted-to.pdf, id=42, 447.6725pt x 331.2375pt>
File: figures/a5_D_cg0-eps-converted-to.pdf Graphic file (type pdf)

<use figures/a5_D_cg0-eps-converted-to.pdf>
Package pdftex.def Info: figures/a5_D_cg0-eps-converted-to.pdf used on input li
ne 482.
(pdftex.def)             Requested size: 241.84842pt x 178.95149pt.
Package epstopdf Info: Source file: <figures/a5_D_cgT.eps>
(epstopdf)                    date: 2016-11-08 11:41:27
(epstopdf)                    size: 18842 bytes
(epstopdf)             Output file: <figures/a5_D_cgT-eps-converted-to.pdf>
(epstopdf)                    date: 2016-11-08 10:46:11
(epstopdf)                    size: 20534 bytes
(epstopdf)             Command: <epstopdf --outfile=figures/a5_D_cgT-eps-conver
ted-to.pdf figures/a5_D_cgT.eps>
(epstopdf)             \includegraphics on input line 488.
runsystem(epstopdf --outfile=figures/a5_D_cgT-eps-converted-to.pdf figures/a5_D
_cgT.eps)...executed (allowed).

Package epstopdf Info: Result file: <figures/a5_D_cgT-eps-converted-to.pdf>
(epstopdf)                    date: 2016-11-08 11:41:58
(epstopdf)                    size: 3635 bytes.

<figures/a5_D_cgT-eps-converted-to.pdf, id=43, 421.575pt x 316.18124pt>
File: figures/a5_D_cgT-eps-converted-to.pdf Graphic file (type pdf)

<use figures/a5_D_cgT-eps-converted-to.pdf>
Package pdftex.def Info: figures/a5_D_cgT-eps-converted-to.pdf used on input li
ne 488.
(pdftex.def)             Requested size: 241.84842pt x 181.38788pt.

Overfull \hbox (2.22221pt too wide) in paragraph at lines 481--492
[][]  [] 
 []

Package epstopdf Info: Source file: <figures/a5_D_lf.eps>
(epstopdf)                    date: 2016-11-08 11:21:36
(epstopdf)                    size: 16637 bytes
(epstopdf)             Output file: <figures/a5_D_lf-eps-converted-to.pdf>
(epstopdf)                    date: 2016-11-08 11:22:24
(epstopdf)                    size: 3714 bytes
(epstopdf)             Command: <epstopdf --outfile=figures/a5_D_lf-eps-convert
ed-to.pdf figures/a5_D_lf.eps>
(epstopdf)             \includegraphics on input line 497.
Package epstopdf Info: Output file is already uptodate.
<figures/a5_D_lf-eps-converted-to.pdf, id=44, 313.17pt x 227.85126pt>
File: figures/a5_D_lf-eps-converted-to.pdf Graphic file (type pdf)

<use figures/a5_D_lf-eps-converted-to.pdf>
Package pdftex.def Info: figures/a5_D_lf-eps-converted-to.pdf used on input lin
e 497.
(pdftex.def)             Requested size: 156.58461pt x 113.92534pt.
 [6]
Package epstopdf Info: Source file: <figures/a5_C_ev.eps>
(epstopdf)                    date: 2016-11-08 10:46:11
(epstopdf)                    size: 28855 bytes
(epstopdf)             Output file: <figures/a5_C_ev-eps-converted-to.pdf>
(epstopdf)                    date: 2016-11-08 10:46:11
(epstopdf)                    size: 7327 bytes
(epstopdf)             Command: <epstopdf --outfile=figures/a5_C_ev-eps-convert
ed-to.pdf figures/a5_C_ev.eps>
(epstopdf)             \includegraphics on input line 509.
Package epstopdf Info: Output file is already uptodate.

<figures/a5_C_ev-eps-converted-to.pdf, id=48, 421.575pt x 316.18124pt>
File: figures/a5_C_ev-eps-converted-to.pdf Graphic file (type pdf)

<use figures/a5_C_ev-eps-converted-to.pdf>
Package pdftex.def Info: figures/a5_C_ev-eps-converted-to.pdf used on input lin
e 509.
(pdftex.def)             Requested size: 241.84842pt x 181.38788pt.
Package epstopdf Info: Source file: <figures/a5_C_lf.eps>
(epstopdf)                    date: 2016-11-08 10:46:11
(epstopdf)                    size: 16555 bytes
(epstopdf)             Output file: <figures/a5_C_lf-eps-converted-to.pdf>
(epstopdf)                    date: 2016-11-08 10:46:11
(epstopdf)                    size: 4943 bytes
(epstopdf)             Command: <epstopdf --outfile=figures/a5_C_lf-eps-convert
ed-to.pdf figures/a5_C_lf.eps>
(epstopdf)             \includegraphics on input line 515.
Package epstopdf Info: Output file is already uptodate.

<figures/a5_C_lf-eps-converted-to.pdf, id=49, 421.575pt x 316.18124pt>
File: figures/a5_C_lf-eps-converted-to.pdf Graphic file (type pdf)

<use figures/a5_C_lf-eps-converted-to.pdf>
Package pdftex.def Info: figures/a5_C_lf-eps-converted-to.pdf used on input lin
e 515.
(pdftex.def)             Requested size: 241.84842pt x 181.38788pt.

Overfull \hbox (2.22221pt too wide) in paragraph at lines 508--519
[][]  [] 
 []

[7 <./figures/a5_D_fev-eps-converted-to.pdf> <./figures/a5_D_ev-eps-converted-t
o.pdf> <./figures/a5_D_g-eps-converted-to.pdf>]
Package epstopdf Info: Source file: <figures/a5_C_c.eps>
(epstopdf)                    date: 2016-11-08 10:46:11
(epstopdf)                    size: 16530 bytes
(epstopdf)             Output file: <figures/a5_C_c-eps-converted-to.pdf>
(epstopdf)                    date: 2016-11-08 10:46:11
(epstopdf)                    size: 4669 bytes
(epstopdf)             Command: <epstopdf --outfile=figures/a5_C_c-eps-converte
d-to.pdf figures/a5_C_c.eps>
(epstopdf)             \includegraphics on input line 531.
Package epstopdf Info: Output file is already uptodate.

<figures/a5_C_c-eps-converted-to.pdf, id=63, 421.575pt x 316.18124pt>
File: figures/a5_C_c-eps-converted-to.pdf Graphic file (type pdf)

<use figures/a5_C_c-eps-converted-to.pdf>
Package pdftex.def Info: figures/a5_C_c-eps-converted-to.pdf used on input line
 531.
(pdftex.def)             Requested size: 241.84842pt x 181.38788pt.
Package epstopdf Info: Source file: <figures/a5_D_c.eps>
(epstopdf)                    date: 2016-11-08 10:46:11
(epstopdf)                    size: 16888 bytes
(epstopdf)             Output file: <figures/a5_D_c-eps-converted-to.pdf>
(epstopdf)                    date: 2016-11-08 10:46:11
(epstopdf)                    size: 5196 bytes
(epstopdf)             Command: <epstopdf --outfile=figures/a5_D_c-eps-converte
d-to.pdf figures/a5_D_c.eps>
(epstopdf)             \includegraphics on input line 537.
Package epstopdf Info: Output file is already uptodate.

<figures/a5_D_c-eps-converted-to.pdf, id=64, 421.575pt x 316.18124pt>
File: figures/a5_D_c-eps-converted-to.pdf Graphic file (type pdf)

<use figures/a5_D_c-eps-converted-to.pdf>
Package pdftex.def Info: figures/a5_D_c-eps-converted-to.pdf used on input line
 537.
(pdftex.def)             Requested size: 241.84842pt x 181.38788pt.

Overfull \hbox (2.22221pt too wide) in paragraph at lines 530--541
[][]  [] 
 []

Package epstopdf Info: Source file: <figures/my_h_ev.eps>
(epstopdf)                    date: 2016-11-08 10:46:11
(epstopdf)                    size: 119123 bytes
(epstopdf)             Output file: <figures/my_h_ev-eps-converted-to.pdf>
(epstopdf)                    date: 2016-11-08 10:46:11
(epstopdf)                    size: 7263 bytes
(epstopdf)             Command: <epstopdf --outfile=figures/my_h_ev-eps-convert
ed-to.pdf figures/my_h_ev.eps>
(epstopdf)             \includegraphics on input line 556.
Package epstopdf Info: Output file is already uptodate.
<figures/my_h_ev-eps-converted-to.pdf, id=65, 421.575pt x 316.18124pt>
File: figures/my_h_ev-eps-converted-to.pdf Graphic file (type pdf)

<use figures/my_h_ev-eps-converted-to.pdf>
Package pdftex.def Info: figures/my_h_ev-eps-converted-to.pdf used on input lin
e 556.
(pdftex.def)             Requested size: 241.84842pt x 181.38788pt.
Package epstopdf Info: Source file: <figures/jad_h_ev.eps>
(epstopdf)                    date: 2016-11-08 10:46:11
(epstopdf)                    size: 42263 bytes
(epstopdf)             Output file: <figures/jad_h_ev-eps-converted-to.pdf>
(epstopdf)                    date: 2016-11-08 10:46:11
(epstopdf)                    size: 14492 bytes
(epstopdf)             Command: <epstopdf --outfile=figures/jad_h_ev-eps-conver
ted-to.pdf figures/jad_h_ev.eps>
(epstopdf)             \includegraphics on input line 562.
Package epstopdf Info: Output file is already uptodate.

<figures/jad_h_ev-eps-converted-to.pdf, id=66, 421.575pt x 316.18124pt>
File: figures/jad_h_ev-eps-converted-to.pdf Graphic file (type pdf)

<use figures/jad_h_ev-eps-converted-to.pdf>
Package pdftex.def Info: figures/jad_h_ev-eps-converted-to.pdf used on input li
ne 562.
(pdftex.def)             Requested size: 241.84842pt x 181.38788pt.

Overfull \hbox (2.22221pt too wide) in paragraph at lines 555--566
[][]  [] 
 []

Package epstopdf Info: Source file: <figures/both_h_lf.eps>
(epstopdf)                    date: 2016-11-08 10:46:11
(epstopdf)                    size: 22408 bytes
(epstopdf)             Output file: <figures/both_h_lf-eps-converted-to.pdf>
(epstopdf)                    date: 2016-11-08 10:46:11
(epstopdf)                    size: 7260 bytes
(epstopdf)             Command: <epstopdf --outfile=figures/both_h_lf-eps-conve
rted-to.pdf figures/both_h_lf.eps>
(epstopdf)             \includegraphics on input line 570.
Package epstopdf Info: Output file is already uptodate.
<figures/both_h_lf-eps-converted-to.pdf, id=67, 447.6725pt x 331.2375pt>
File: figures/both_h_lf-eps-converted-to.pdf Graphic file (type pdf)

<use figures/both_h_lf-eps-converted-to.pdf>
Package pdftex.def Info: figures/both_h_lf-eps-converted-to.pdf used on input l
ine 570.
(pdftex.def)             Requested size: 223.8357pt x 165.61833pt.
 (cs.bbl [8 <./figures/a5_D_cg0-eps-converted-to.pdf> <./figures/a5_D_cgT-eps-c
onverted-to.pdf> <./figures/a5_D_lf-eps-converted-to.pdf>] [9 <./figures/a5_C_e
v-eps-converted-to.pdf> <./figures/a5_C_lf-eps-converted-to.pdf> <./figures/a5_
C_c-eps-converted-to.pdf> <./figures/a5_D_c-eps-converted-to.pdf>]) [10 <./figu
res/my_h_ev-eps-converted-to.pdf> <./figures/jad_h_ev-eps-converted-to.pdf> <./
figures/both_h_lf-eps-converted-to.pdf>] (cs.aux)

LaTeX Warning: There were undefined references.


LaTeX Warning: There were multiply-defined labels.

 ) 
Here is how much of TeX's memory you used:
 4378 strings out of 493334
 66704 string characters out of 3136675
 134766 words of memory out of 3000000
 7839 multiletter control sequences out of 15000+200000
 11849 words of font info for 46 fonts, out of 3000000 for 9000
 1141 hyphenation exceptions out of 8191
 44i,15n,42p,808b,363s stack positions out of 5000i,500n,10000p,200000b,50000s
<C:/Program Files (x86)/MiKTeX 2.9/fonts/type1/public/amsfonts/cm/cmbx10.pfb>
<C:/Program Files (x86)/MiKTeX 2.9/fonts/type1/public/amsfonts/cm/cmbx12.pfb><C
:/Program Files (x86)/MiKTeX 2.9/fonts/type1/public/amsfonts/cm/cmex10.pfb><C:/
Program Files (x86)/MiKTeX 2.9/fonts/type1/public/amsfonts/cm/cmmi10.pfb><C:/Pr
ogram Files (x86)/MiKTeX 2.9/fonts/type1/public/amsfonts/cm/cmmi5.pfb><C:/Progr
am Files (x86)/MiKTeX 2.9/fonts/type1/public/amsfonts/cm/cmmi7.pfb><C:/Program 
Files (x86)/MiKTeX 2.9/fonts/type1/public/amsfonts/cm/cmr10.pfb><C:/Program Fil
es (x86)/MiKTeX 2.9/fonts/type1/public/amsfonts/cm/cmr12.pfb><C:/Program Files 
(x86)/MiKTeX 2.9/fonts/type1/public/amsfonts/cm/cmr17.pfb><C:/Program Files (x8
6)/MiKTeX 2.9/fonts/type1/public/amsfonts/cm/cmr5.pfb><C:/Program Files (x86)/M
iKTeX 2.9/fonts/type1/public/amsfonts/cm/cmr7.pfb><C:/Program Files (x86)/MiKTe
X 2.9/fonts/type1/public/amsfonts/cm/cmsy10.pfb><C:/Program Files (x86)/MiKTeX 
2.9/fonts/type1/public/amsfonts/cm/cmsy5.pfb><C:/Program Files (x86)/MiKTeX 2.9
/fonts/type1/public/amsfonts/cm/cmsy7.pfb><C:/Program Files (x86)/MiKTeX 2.9/fo
nts/type1/public/amsfonts/cm/cmti10.pfb><C:/Program Files (x86)/MiKTeX 2.9/font
s/type1/public/amsfonts/symbols/msbm10.pfb>
Output written on cs.pdf (10 pages, 307938 bytes).
PDF statistics:
 174 PDF objects out of 1000 (max. 8388607)
 0 named destinations out of 1000 (max. 500000)
 71 words of extra memory for PDF output out of 10000 (max. 10000000)

